<?xml version="1.0" encoding="UTF-8"?>
<!-- Generated by org.testng.reporters.JUnitReportReporter -->
<testsuite hostname="GDILCB1JGL3" failures="0" tests="2" name="testCases.ostest" time="27.962" errors="0" timestamp="2025-03-03T10:10:50 IST" skipped="0">
  <testcase classname="testCases.ostest" name="TestRun" time="6.606"/>
  <system-out/>
  <testcase classname="testCases.ostest" name="osrun" time="21.356"/>
  <system-out/>
</testsuite> <!-- testCases.ostest -->
