<?xml version="1.0" encoding="UTF-8"?>
<!-- Generated by org.testng.reporters.JUnitReportReporter -->
<testsuite hostname="GDILCB1JGL3" failures="0" tests="1" name="utilities.DataProviderwithoutExcel" time="0.012" errors="0" timestamp="2025-01-29T12:34:52 IST" skipped="0">
  <testcase classname="utilities.DataProviderwithoutExcel" name="getData" time="0.012"/>
  <system-out/>
</testsuite> <!-- utilities.DataProviderwithoutExcel -->
