<?xml version="1.0" encoding="UTF-8"?>
<!-- Generated by org.testng.reporters.JUnitReportReporter -->
<testsuite hostname="GDILCB1JGL3" failures="0" tests="1" name="utilities.DataProviders" time="0.000" errors="0" timestamp="2025-01-22T15:57:10 IST" skipped="1">
  <testcase classname="utilities.DataProviders" name="m1" time="0.000">
    <skipped/>
  </testcase> <!-- m1 -->
  <system-out/>
</testsuite> <!-- utilities.DataProviders -->
