<?xml version="1.0" encoding="UTF-8"?>
<!-- Generated by org.testng.reporters.JUnitReportReporter -->
<testsuite hostname="BSSIL-SAHMAD" failures="0" tests="1" name="testCases.TC001_Login_Test" time="30.243" errors="0" timestamp="2025-05-27T16:50:26 IST" skipped="0">
  <testcase classname="testCases.TC001_Login_Test" name="LoginRun" time="30.243"/>
</testsuite> <!-- testCases.TC001_Login_Test -->
